# Logfile created on 2013-07-01 03:10:53 +0000 by logger.rb/36483
> trying to add authorisation
> trying to add authorisation
> okay
> trying to add authorisation
> okay
> trying to add authorisation
> okay
> 
> trying to add authorisation
> trying to add authorisation
> #<Authorisation:0xb5272fbc>
> trying to add authorisation
> b 2
> a 3
> trying to add authorisation
> b 2
> a 3
> trying to add authorisation
> b 2
> a 3
> trying to add authorisation
> b 2
> trying to add authorisation
> b 2
> a 3
> trying to add authorisation
> trying to add authorisation
> b 3
> a 4
